<?xml version="1.0" encoding="UTF-8"?>
<!-- Generated by org.testng.reporters.JUnitReportReporter -->
<testsuite skipped="0" hostname="HDC2-L-9227QQ2" name="pack99.Launch456" tests="3" failures="0" timestamp="04 May 2020 10:34:11 GMT" time="42.346" errors="0">
  <testcase name="login" time="0.012" classname="pack99.Launch456"/>
  <testcase name="register" time="42.333" classname="pack99.Launch456"/>
  <testcase name="logout" time="0.001" classname="pack99.Launch456"/>
</testsuite> <!-- pack99.Launch456 -->
